\BOOKMARK [1][-]{section*.2}{\376\377\144\130\211\201}{}% 1
\BOOKMARK [1][-]{section.1}{\376\377\117\134\124\301\151\202\217\360}{}% 2
\BOOKMARK [2][-]{subsection.1.1}{\376\377\200\314\146\157\116\016\132\001\200\301}{section.1}% 3
\BOOKMARK [2][-]{subsection.1.2}{\376\377\166\370\121\163\135\345\117\134\116\016\163\260\147\011\116\015\215\263}{section.1}% 4
\BOOKMARK [2][-]{subsection.1.3}{\376\377\117\134\124\301\133\232\117\115\116\016\150\070\137\303\162\171\202\162}{section.1}% 5
\BOOKMARK [1][-]{section.2}{\376\377\117\134\124\301\213\276\213\241\116\016\133\236\163\260}{}% 6
\BOOKMARK [2][-]{subsection.2.1}{\376\377\140\073\117\123\147\266\147\204}{section.2}% 7
\BOOKMARK [2][-]{subsection.2.2}{\376\377\215\350\127\337\000\040\000A\000I\000G\000C\000\040\126\376\120\317\150\300\155\113\152\041\127\127}{section.2}% 8
\BOOKMARK [3][-]{subsubsection.2.2.1}{\376\377\232\250\136\162\177\121\176\334\213\276\213\241\377\032\000M\000a\000m\000b\000a\000O\000u\000t\000-\000S\000m\000a\000l\000l\000\040\123\273\121\150\134\100\154\140\123\026}{subsection.2.2}% 9
\BOOKMARK [3][-]{subsubsection.2.2.2}{\376\377\145\340\166\321\167\143\127\337\201\352\220\002\136\224\377\032\131\032\150\070\147\000\131\047\127\107\120\074\135\356\137\002\377\010\000M\000K\000-\000M\000M\000D\377\011}{subsection.2.2}% 10
\BOOKMARK [3][-]{subsubsection.2.2.3}{\376\377\200\124\124\010\213\255\176\303\173\126\165\145}{subsection.2.2}% 11
\BOOKMARK [3][-]{subsubsection.2.2.4}{\376\377\152\041\127\127\143\245\123\343\133\232\116\111}{subsection.2.2}% 12
\BOOKMARK [2][-]{subsection.2.3}{\376\377\123\357\211\343\221\312\150\300\155\113\116\016\123\326\213\301\211\343\221\312\152\041\127\127}{section.2}% 13
\BOOKMARK [3][-]{subsubsection.2.3.1}{\376\377\000G\000r\000a\000d\000-\000C\000A\000M\000\040\160\355\122\233\126\376\165\037\142\020}{subsection.2.3}% 14
\BOOKMARK [3][-]{subsubsection.2.3.2}{\376\377\160\355\122\233\126\376\124\016\131\004\164\006\116\016\123\357\211\306\123\026}{subsection.2.3}% 15
\BOOKMARK [3][-]{subsubsection.2.3.3}{\376\377\201\352\161\066\213\355\212\000\211\343\221\312\165\037\142\020}{subsection.2.3}% 16
\BOOKMARK [2][-]{subsection.2.4}{\376\377\173\341\145\071\133\232\117\115\116\016\123\357\165\221\123\072\127\337\122\006\147\220\152\041\127\127}{section.2}% 17
\BOOKMARK [3][-]{subsubsection.2.4.1}{\376\377\131\032\134\072\136\246\156\321\122\250\172\227\123\343\150\300\155\113}{subsection.2.4}% 18
\BOOKMARK [3][-]{subsubsection.2.4.2}{\376\377\162\171\137\201\176\337\213\241\137\002\136\070\122\006\147\220}{subsection.2.4}% 19
\BOOKMARK [3][-]{subsubsection.2.4.3}{\376\377\176\337\116\000\123\357\165\221\136\246\126\376\165\037\142\020}{subsection.2.4}% 20
\BOOKMARK [3][-]{subsubsection.2.4.4}{\376\377\126\333\214\141\226\120\134\100\220\350\173\341\145\071\122\006\174\173}{subsection.2.4}% 21
\BOOKMARK [2][-]{subsection.2.5}{\376\377\131\032\213\301\143\156\230\316\226\151\207\215\124\010\152\041\127\127}{section.2}% 22
\BOOKMARK [3][-]{subsubsection.2.5.1}{\376\377\116\224\176\364\230\316\226\151\122\240\147\103\213\304\122\006\152\041\127\213}{subsection.2.5}% 23
\BOOKMARK [3][-]{subsubsection.2.5.2}{\376\377\131\032\156\220\213\301\143\156\121\262\172\201\150\300\155\113\116\016\133\211\121\150\215\357\165\061}{subsection.2.5}% 24
\BOOKMARK [3][-]{subsubsection.2.5.3}{\376\377\230\316\226\151\122\006\176\247\116\016\143\222\226\037\131\015\150\070\147\072\122\066}{subsection.2.5}% 25
\BOOKMARK [2][-]{subsection.2.6}{\376\377\136\163\123\360\133\236\163\260\116\016\116\244\116\222\155\101\172\013}{section.2}% 26
\BOOKMARK [2][-]{subsection.2.7}{\376\377\135\345\172\013\127\372\170\100\116\016\142\151\134\125\217\271\165\114}{section.2}% 27
\BOOKMARK [1][-]{section.3}{\376\377\117\134\124\301\155\113\213\325\116\016\122\006\147\220}{}% 28
\BOOKMARK [2][-]{subsection.3.1}{\376\377\155\113\213\325\166\356\150\007\116\016\140\073\117\123\145\271\150\110}{section.3}% 29
\BOOKMARK [2][-]{subsection.3.2}{\376\377\145\160\143\156\147\145\156\220\116\016\143\007\150\007\133\232\116\111}{section.3}% 30
\BOOKMARK [2][-]{subsection.3.3}{\376\377\126\376\120\317\150\300\155\113\116\016\117\040\144\255\234\201\150\322\140\047\133\236\232\214}{section.3}% 31
\BOOKMARK [3][-]{subsubsection.3.3.1}{\376\377\215\350\165\037\142\020\126\150\213\306\122\053\200\375\122\233\166\362\155\113}{subsection.3.3}% 32
\BOOKMARK [3][-]{subsubsection.3.3.2}{\376\377\171\076\116\244\132\222\117\123\117\040\144\255\220\000\123\026}{subsection.3.3}% 33
\BOOKMARK [3][-]{subsubsection.3.3.3}{\376\377\155\076\165\037\142\160\122\250\155\361\121\145\122\006\147\220}{subsection.3.3}% 34
\BOOKMARK [3][-]{subsubsection.3.3.4}{\376\377\215\205\166\321\173\241\232\330\123\161\121\205\133\271\226\366\150\067\147\054\217\271\165\114}{subsection.3.3}% 35
\BOOKMARK [2][-]{subsection.3.4}{\376\377\123\357\211\343\221\312\060\001\173\341\145\071\133\232\117\115\116\016\116\272\135\345\131\015\150\070\116\367\120\074}{section.3}% 36
\BOOKMARK [2][-]{subsection.3.5}{\376\377\136\163\123\360\225\355\163\257\116\016\150\110\117\213\232\214\213\301}{section.3}% 37
\BOOKMARK [1][-]{section.4}{\376\377\122\033\145\260\140\047\213\364\146\016}{}% 38
\BOOKMARK [2][-]{subsection.4.1}{\376\377\215\205\166\321\173\241\232\330\123\161\127\072\146\157\166\204\226\366\150\067\147\054\213\306\122\053\122\233\116\016\167\037\126\376\122\044\122\053}{section.4}% 39
\BOOKMARK [2][-]{subsection.4.2}{\376\377\116\011\134\102\217\223\121\372\124\010\124\014\116\016\123\357\117\341\215\357\165\061\377\032\213\301\143\156\220\000\123\026\123\163\217\154\116\272\135\345}{section.4}% 40
\BOOKMARK [2][-]{subsection.4.3}{\376\377\136\163\123\360\166\204\201\352\142\021\213\312\145\255\200\375\122\233\377\032\117\040\144\255\124\016\213\301\143\156\220\000\123\026\166\204\174\373\176\337\136\246\221\317}{section.4}% 41
\BOOKMARK [2][-]{subsection.4.4}{\376\377\123\273\121\150\134\100\154\140\123\026\166\204\225\350\143\247\123\167\171\357\232\250\136\162}{section.4}% 42
\BOOKMARK [2][-]{subsection.4.5}{\376\377\131\032\150\070\000\040\000M\000M\000D\000\040\166\204\145\340\166\321\167\143\127\337\201\352\220\002\136\224\147\072\122\066}{section.4}% 43
\BOOKMARK [2][-]{subsection.4.6}{\376\377\123\357\211\343\221\312\123\326\213\301\116\016\142\245\124\112\123\026\225\355\163\257}{section.4}% 44
\BOOKMARK [2][-]{subsection.4.7}{\376\377\217\173\221\317\123\026\220\350\177\162\116\016\136\163\123\360\123\026\135\345\172\013\225\355\163\257}{section.4}% 45
\BOOKMARK [1][-]{section.5}{\376\377\140\073\176\323}{}% 46
